{"target": -217.57091653055417, "params": {"x": 80.6803830575767, "y": -72.5050591707525}, "datetime": {"datetime": "2021-03-01 20:44:50", "elapsed": 0.0, "delta": 0.0}}
{"target": 185.12143047863842, "params": {"x": -72.14473054984829, "y": 61.47825774190477}, "datetime": {"datetime": "2021-03-01 20:44:50", "elapsed": 0.002097, "delta": 0.002097}}
{"target": 299.59201218578045, "params": {"x": 36.80219785651988, "y": 99.98619830028139}, "datetime": {"datetime": "2021-03-01 20:44:50", "elapsed": 0.833365, "delta": 0.831268}}
{"target": 300.13146552134094, "params": {"x": -87.13615771351108, "y": 99.87835059184769}, "datetime": {"datetime": "2021-03-01 20:44:51", "elapsed": 1.751297, "delta": 0.917932}}
{"target": 300.81108470264195, "params": {"x": 44.99969943772126, "y": 99.94480868155122}, "datetime": {"datetime": "2021-03-01 20:44:52", "elapsed": 2.641454, "delta": 0.890157}}
{"target": -201.61200811023787, "params": {"x": -20.46463260289329, "y": -66.92916057661344}, "datetime": {"datetime": "2021-03-01 20:51:25", "elapsed": 395.426516, "delta": 392.785062}}
{"target": 300.4004157083426, "params": {"x": -86.55622619570302, "y": 99.91413207330882}, "datetime": {"datetime": "2021-03-01 20:51:26", "elapsed": 396.377967, "delta": 0.951451}}
{"target": 299.5016646820729, "params": {"x": 90.29309318585982, "y": 99.96667882228226}, "datetime": {"datetime": "2021-03-01 20:51:27", "elapsed": 397.25743, "delta": 0.879463}}
{"target": 298.9579402466484, "params": {"x": 26.135932381357563, "y": 99.97869586577912}, "datetime": {"datetime": "2021-03-01 20:51:28", "elapsed": 398.53233, "delta": 1.2749}}
{"target": 299.912293706656, "params": {"x": -92.88043207553314, "y": 99.9836827396542}, "datetime": {"datetime": "2021-03-01 20:51:29", "elapsed": 399.397311, "delta": 0.864981}}
{"target": 298.59999787387596, "params": {"x": 34.34696925984784, "y": 99.86630941994034}, "datetime": {"datetime": "2021-03-01 20:51:30", "elapsed": 400.224956, "delta": 0.827645}}
{"target": -299.0958524924625, "params": {"x": -59.14059808962519, "y": -99.4149801695235}, "datetime": {"datetime": "2021-03-01 20:51:30", "elapsed": 400.896317, "delta": 0.671361}}
{"target": 300.5152254947153, "params": {"x": 85.34048537677108, "y": 99.93573920518364}, "datetime": {"datetime": "2021-03-01 20:51:31", "elapsed": 401.610182, "delta": 0.713865}}
{"target": 299.0348490330523, "params": {"x": -86.74911787432205, "y": 99.99902346037791}, "datetime": {"datetime": "2021-03-01 20:51:32", "elapsed": 402.689174, "delta": 1.078992}}
{"target": 300.7061261404157, "params": {"x": 97.31231690654428, "y": 99.96881503470763}, "datetime": {"datetime": "2021-03-01 20:51:33", "elapsed": 403.735594, "delta": 1.04642}}
{"target": -187.8705843925536, "params": {"x": 37.39071708792219, "y": -62.604540580302896}, "datetime": {"datetime": "2021-03-01 20:51:34", "elapsed": 404.442018, "delta": 0.706424}}
{"target": -91.39780031009842, "params": {"x": 85.50171607920677, "y": -30.446828050898688}, "datetime": {"datetime": "2021-03-01 20:51:34", "elapsed": 404.443432, "delta": 0.001414}}
{"target": 298.8207932628346, "params": {"x": -37.068880195039085, "y": 99.92063338435159}, "datetime": {"datetime": "2021-03-01 20:51:35", "elapsed": 405.30334, "delta": 0.859908}}
{"target": 299.0101696061661, "params": {"x": -90.36575316926086, "y": 99.9450258201569}, "datetime": {"datetime": "2021-03-01 20:51:36", "elapsed": 406.355448, "delta": 1.052108}}
{"target": 299.6949645899573, "params": {"x": 99.99999692304868, "y": 99.9999976579599}, "datetime": {"datetime": "2021-03-01 20:51:37", "elapsed": 407.347539, "delta": 0.992091}}
{"target": 298.9139361518091, "params": {"x": 43.97635737366761, "y": 99.95925971485966}, "datetime": {"datetime": "2021-03-01 20:51:38", "elapsed": 408.417486, "delta": 1.069947}}
{"target": 299.1106747282311, "params": {"x": -83.46038053484233, "y": 99.92440522081992}, "datetime": {"datetime": "2021-03-01 20:51:39", "elapsed": 409.885826, "delta": 1.46834}}
{"target": -127.79120477956863, "params": {"x": -37.04190862885943, "y": -42.82982895209538}, "datetime": {"datetime": "2021-03-01 20:51:40", "elapsed": 410.77686, "delta": 0.891034}}
{"target": 300.21267170564187, "params": {"x": 34.19014087886589, "y": 99.97453040438018}, "datetime": {"datetime": "2021-03-01 20:51:41", "elapsed": 411.598464, "delta": 0.821604}}
{"target": 299.6241772902091, "params": {"x": 44.170810074682464, "y": 99.9184080175946}, "datetime": {"datetime": "2021-03-01 20:51:42", "elapsed": 412.652654, "delta": 1.05419}}
{"target": 299.0586938349896, "params": {"x": 88.75907462435825, "y": 99.95562300628677}, "datetime": {"datetime": "2021-03-01 20:51:43", "elapsed": 413.648926, "delta": 0.996272}}
{"target": 63.4726833884156, "params": {"x": -99.9479181597597, "y": 21.366716305522672}, "datetime": {"datetime": "2021-03-01 20:51:44", "elapsed": 414.61857, "delta": 0.969644}}
{"target": 135.74553176099053, "params": {"x": 50.162420627231114, "y": 45.199597070090306}, "datetime": {"datetime": "2021-03-01 20:51:44", "elapsed": 414.620246, "delta": 0.001676}}
{"target": 202.63782343810772, "params": {"x": 9.63802273990082, "y": 67.87163552842591}, "datetime": {"datetime": "2021-03-01 20:51:45", "elapsed": 415.474307, "delta": 0.854061}}
{"target": 51.86574651852889, "params": {"x": 43.66427329717857, "y": 17.165568139617122}, "datetime": {"datetime": "2021-03-01 20:51:46", "elapsed": 416.192778, "delta": 0.718471}}
{"target": 80.83518440875072, "params": {"x": -25.594381610284884, "y": 26.612149758169124}, "datetime": {"datetime": "2021-03-01 20:51:47", "elapsed": 417.158901, "delta": 0.966123}}
{"target": 300.2130904010917, "params": {"x": 47.058323248203976, "y": 99.96080037505848}, "datetime": {"datetime": "2021-03-01 20:51:48", "elapsed": 418.368397, "delta": 1.209496}}
{"target": 298.9554493622084, "params": {"x": 84.69510770311331, "y": 99.93324677966928}, "datetime": {"datetime": "2021-03-01 20:51:49", "elapsed": 419.648945, "delta": 1.280548}}
{"target": 14.625461215122524, "params": {"x": -0.4094075783386741, "y": 4.819543464458303}, "datetime": {"datetime": "2021-03-01 20:51:50", "elapsed": 420.714847, "delta": 1.065902}}
{"target": 114.8339911037774, "params": {"x": 87.04705499757395, "y": 38.38654627416872}, "datetime": {"datetime": "2021-03-01 20:51:51", "elapsed": 421.670824, "delta": 0.955977}}
{"target": 202.4123510063059, "params": {"x": -2.3064906145759494, "y": 67.74447431204075}, "datetime": {"datetime": "2021-03-01 20:51:52", "elapsed": 422.78454, "delta": 1.113716}}
{"target": 208.8613995985039, "params": {"x": -49.187529549411366, "y": 69.49474900268291}, "datetime": {"datetime": "2021-03-01 20:51:53", "elapsed": 423.88836, "delta": 1.10382}}
{"target": 91.44064650104174, "params": {"x": -4.083393708962562, "y": 30.75444817940865}, "datetime": {"datetime": "2021-03-01 20:51:55", "elapsed": 425.036226, "delta": 1.147866}}
{"target": 75.03241116059097, "params": {"x": 76.66121824116198, "y": 24.73444141112178}, "datetime": {"datetime": "2021-03-01 20:51:55", "elapsed": 425.038124, "delta": 0.001898}}
{"target": 156.40112599890531, "params": {"x": -54.23884516091302, "y": 51.81067163431683}, "datetime": {"datetime": "2021-03-01 20:51:56", "elapsed": 426.264367, "delta": 1.226243}}
{"target": 212.0977086359069, "params": {"x": 62.3794294351996, "y": 70.38396609555642}, "datetime": {"datetime": "2021-03-01 20:51:57", "elapsed": 427.543482, "delta": 1.279115}}
{"target": 210.56883874215305, "params": {"x": -21.034494007783948, "y": 70.02554314114064}, "datetime": {"datetime": "2021-03-01 20:51:58", "elapsed": 428.688664, "delta": 1.145182}}
{"target": 251.72233947774848, "params": {"x": 35.043348235608654, "y": 83.80054536817968}, "datetime": {"datetime": "2021-03-01 20:51:59", "elapsed": 429.714411, "delta": 1.025747}}
{"target": 262.1356604292721, "params": {"x": -25.4997883770806, "y": 87.35508224284038}, "datetime": {"datetime": "2021-03-01 20:52:01", "elapsed": 431.232463, "delta": 1.518052}}
{"target": 181.8895345864913, "params": {"x": 92.31405967689673, "y": 60.31296866978337}, "datetime": {"datetime": "2021-03-01 20:52:02", "elapsed": 432.611618, "delta": 1.379155}}
{"target": 300.1571689733575, "params": {"x": -92.99773493587942, "y": 99.97773751678315}, "datetime": {"datetime": "2021-03-01 20:52:04", "elapsed": 434.063164, "delta": 1.451546}}
{"target": 300.5762207429801, "params": {"x": 43.226327827017315, "y": 99.96923493461932}, "datetime": {"datetime": "2021-03-01 20:52:04", "elapsed": 434.735299, "delta": 0.672135}}
{"target": 300.12747857554746, "params": {"x": -0.6400052422849996, "y": 99.9097433242301}, "datetime": {"datetime": "2021-03-01 20:52:05", "elapsed": 435.775575, "delta": 1.040276}}
{"target": 299.26035829269273, "params": {"x": 83.507627578952, "y": 99.99530134767761}, "datetime": {"datetime": "2021-03-01 20:52:07", "elapsed": 437.39455, "delta": 1.618975}}
{"target": -91.28440793846127, "params": {"x": 50.18848680546745, "y": -30.220331604431493}, "datetime": {"datetime": "2021-03-01 20:52:07", "elapsed": 437.396253, "delta": 0.001703}}
{"target": 300.76995306069557, "params": {"x": 41.36409451542718, "y": 99.94848952086778}, "datetime": {"datetime": "2021-03-01 20:52:09", "elapsed": 438.943163, "delta": 1.54691}}
{"target": 300.36579976904005, "params": {"x": 96.6635841861169, "y": 99.89424372707978}, "datetime": {"datetime": "2021-03-01 20:52:10", "elapsed": 440.527418, "delta": 1.584255}}
{"target": 300.3842497835346, "params": {"x": 40.604337035130555, "y": 99.9333328682182}, "datetime": {"datetime": "2021-03-01 20:52:12", "elapsed": 442.194124, "delta": 1.666706}}
{"target": 300.9806196994327, "params": {"x": -6.741608700137249, "y": 99.99533422185604}, "datetime": {"datetime": "2021-03-01 20:52:13", "elapsed": 443.429199, "delta": 1.235075}}
{"target": -28.214023518404066, "params": {"x": -15.879864409263917, "y": -9.653484557916144}, "datetime": {"datetime": "2021-03-01 20:52:14", "elapsed": 444.435107, "delta": 1.005908}}
{"target": 300.5857036383932, "params": {"x": 94.26214792934951, "y": 99.92832553867771}, "datetime": {"datetime": "2021-03-01 20:52:16", "elapsed": 446.111766, "delta": 1.676659}}
{"target": 300.54852425318415, "params": {"x": 36.16342538833874, "y": 99.92365143417243}, "datetime": {"datetime": "2021-03-01 20:52:17", "elapsed": 447.231633, "delta": 1.119867}}
{"target": -36.350452616655446, "params": {"x": 20.853976786715876, "y": -12.44195331720266}, "datetime": {"datetime": "2021-03-01 20:52:18", "elapsed": 448.209281, "delta": 0.977648}}
{"target": 298.9666284943836, "params": {"x": -66.31301405677523, "y": 99.89786221773363}, "datetime": {"datetime": "2021-03-01 20:52:20", "elapsed": 450.010847, "delta": 1.801566}}
{"target": 268.6226619066235, "params": {"x": 94.69597937443831, "y": 89.2275032749954}, "datetime": {"datetime": "2021-03-01 20:52:21", "elapsed": 451.264456, "delta": 1.253609}}
{"target": 237.4254828275885, "params": {"x": -46.01442164699478, "y": 79.17724363921337}, "datetime": {"datetime": "2021-03-01 20:52:21", "elapsed": 451.266263, "delta": 0.001807}}
{"target": 18.565616517847882, "params": {"x": 74.74604505810771, "y": 5.875561457219116}, "datetime": {"datetime": "2021-03-01 20:52:22", "elapsed": 452.155734, "delta": 0.889471}}
{"target": 235.12693471827455, "params": {"x": -4.8334641991020675, "y": 78.70236229450725}, "datetime": {"datetime": "2021-03-01 20:52:23", "elapsed": 453.744115, "delta": 1.588381}}
{"target": 84.3265953265288, "params": {"x": -50.85749137290203, "y": 28.380714308889253}, "datetime": {"datetime": "2021-03-01 20:52:24", "elapsed": 454.885787, "delta": 1.141672}}
{"target": 224.58282838472581, "params": {"x": 22.62175277761355, "y": 74.75106859591457}, "datetime": {"datetime": "2021-03-01 20:52:25", "elapsed": 455.832622, "delta": 0.946835}}
{"target": 272.0914026396112, "params": {"x": -83.91467412154626, "y": 91.02332407463635}, "datetime": {"datetime": "2021-03-01 20:52:26", "elapsed": 456.875859, "delta": 1.043237}}
{"target": 245.67323651341792, "params": {"x": -37.650019143945016, "y": 82.09693692122548}, "datetime": {"datetime": "2021-03-01 20:52:28", "elapsed": 458.083299, "delta": 1.20744}}
{"target": 300.3106923637838, "params": {"x": -48.738029532387685, "y": 99.98880262201234}, "datetime": {"datetime": "2021-03-01 20:52:29", "elapsed": 459.448009, "delta": 1.36471}}
{"target": 299.54594109644046, "params": {"x": 23.590394895549792, "y": 99.99208233648207}, "datetime": {"datetime": "2021-03-01 20:52:30", "elapsed": 460.723072, "delta": 1.275063}}
{"target": 300.89604851448587, "params": {"x": -14.230520522683165, "y": 99.96795077324623}, "datetime": {"datetime": "2021-03-01 20:52:32", "elapsed": 462.027843, "delta": 1.304771}}
{"target": -19.587310565243754, "params": {"x": 56.59096399429029, "y": -6.212327130328376}, "datetime": {"datetime": "2021-03-01 20:52:33", "elapsed": 463.316957, "delta": 1.289114}}
{"target": 278.4158194736581, "params": {"x": -14.381762025741011, "y": 92.96800942967712}, "datetime": {"datetime": "2021-03-01 20:52:33", "elapsed": 463.318685, "delta": 0.001728}}
{"target": 300.65986431385, "params": {"x": 2.913517970560548, "y": 99.9515195237303}, "datetime": {"datetime": "2021-03-01 20:52:34", "elapsed": 464.414848, "delta": 1.096163}}
{"target": 119.1508170016989, "params": {"x": 30.68584273933473, "y": 39.96886719402488}, "datetime": {"datetime": "2021-03-01 20:52:35", "elapsed": 465.552252, "delta": 1.137404}}
{"target": 299.1209841250752, "params": {"x": 96.29716965566848, "y": 99.95445782439012}, "datetime": {"datetime": "2021-03-01 20:52:36", "elapsed": 466.619555, "delta": 1.067303}}
{"target": -123.42006568779715, "params": {"x": -81.88543076742798, "y": -41.4316261519007}, "datetime": {"datetime": "2021-03-01 20:52:38", "elapsed": 468.065426, "delta": 1.445871}}
{"target": 158.94018448929856, "params": {"x": 25.54734604852611, "y": 53.215524081532635}, "datetime": {"datetime": "2021-03-01 20:52:39", "elapsed": 469.358202, "delta": 1.292776}}
{"target": 242.73681291876528, "params": {"x": 52.411393160953196, "y": 80.60133184554076}, "datetime": {"datetime": "2021-03-01 20:52:40", "elapsed": 470.626171, "delta": 1.267969}}
{"target": 266.1049265175874, "params": {"x": 44.018234922799735, "y": 88.47256731671771}, "datetime": {"datetime": "2021-03-01 20:52:42", "elapsed": 472.057807, "delta": 1.431636}}
{"target": 179.35771812255834, "params": {"x": -91.05984611716696, "y": 60.10035338896748}, "datetime": {"datetime": "2021-03-01 20:52:43", "elapsed": 473.521933, "delta": 1.464126}}
{"target": 299.40468149174626, "params": {"x": 44.62417352446164, "y": 99.9474127258448}, "datetime": {"datetime": "2021-03-01 20:52:45", "elapsed": 475.434101, "delta": 1.912168}}
{"target": 271.63614376349125, "params": {"x": 27.688289529816814, "y": 90.51450238694625}, "datetime": {"datetime": "2021-03-01 20:52:46", "elapsed": 476.366044, "delta": 0.931943}}
{"target": 73.39153215132413, "params": {"x": 32.68829956368961, "y": 24.339144041824355}, "datetime": {"datetime": "2021-03-01 20:52:46", "elapsed": 476.367768, "delta": 0.001724}}
{"target": 139.50217252505925, "params": {"x": -43.27571588966672, "y": 46.37142045095942}, "datetime": {"datetime": "2021-03-01 20:52:47", "elapsed": 477.801243, "delta": 1.433475}}
{"target": 251.92230390606244, "params": {"x": -93.16780173893223, "y": 83.98036059957582}, "datetime": {"datetime": "2021-03-01 20:52:49", "elapsed": 479.17919, "delta": 1.377947}}
{"target": 225.51952322396392, "params": {"x": 68.64195807531178, "y": 75.3803191444369}, "datetime": {"datetime": "2021-03-01 20:52:50", "elapsed": 480.06391, "delta": 0.88472}}
{"target": 270.97777375865724, "params": {"x": -1.8042365944145615, "y": 90.36373537350707}, "datetime": {"datetime": "2021-03-01 20:52:51", "elapsed": 481.211379, "delta": 1.147469}}
{"target": 224.43374293062885, "params": {"x": 40.305948634233204, "y": 74.93057112733533}, "datetime": {"datetime": "2021-03-01 20:52:52", "elapsed": 482.729442, "delta": 1.518063}}
{"target": 93.40164249715636, "params": {"x": -65.4984984421107, "y": 31.459992951464358}, "datetime": {"datetime": "2021-03-01 20:52:54", "elapsed": 484.619009, "delta": 1.889567}}
{"target": 272.3811378113489, "params": {"x": -69.8056475073106, "y": 90.86587607735083}, "datetime": {"datetime": "2021-03-01 20:52:56", "elapsed": 486.008112, "delta": 1.389103}}
{"target": 268.987791170042, "params": {"x": -77.05080540932497, "y": 89.89785174141426}, "datetime": {"datetime": "2021-03-01 20:53:01", "elapsed": 491.445766, "delta": 5.437654}}
{"target": 212.71864571291738, "params": {"x": 78.18006688491536, "y": 71.23558576475432}, "datetime": {"datetime": "2021-03-01 20:53:03", "elapsed": 493.006036, "delta": 1.56027}}
{"target": 299.74692731193716, "params": {"x": 46.86357558078507, "y": 99.98885769332276}, "datetime": {"datetime": "2021-03-01 20:53:04", "elapsed": 494.616197, "delta": 1.610161}}
{"target": 300.5782501765749, "params": {"x": 95.97855520851382, "y": 99.96961703790657}, "datetime": {"datetime": "2021-03-01 20:53:05", "elapsed": 495.827423, "delta": 1.211226}}
{"target": 299.714513726547, "params": {"x": -13.730646268420443, "y": 99.89314439756927}, "datetime": {"datetime": "2021-03-01 20:53:07", "elapsed": 497.551144, "delta": 1.723721}}
{"target": 299.87676527467494, "params": {"x": -16.8128371644043, "y": 99.98284959634566}, "datetime": {"datetime": "2021-03-01 20:53:09", "elapsed": 499.04902, "delta": 1.497876}}
{"target": 300.6624978244759, "params": {"x": 35.738889242382555, "y": 99.89487734091708}, "datetime": {"datetime": "2021-03-01 20:53:11", "elapsed": 501.023533, "delta": 1.974513}}
{"target": 300.677291574832, "params": {"x": -51.565667411499284, "y": 99.91152627540149}, "datetime": {"datetime": "2021-03-01 20:53:12", "elapsed": 502.385499, "delta": 1.361966}}
{"target": 300.75532615845293, "params": {"x": 33.361579870889386, "y": 99.9967387272614}, "datetime": {"datetime": "2021-03-01 20:53:14", "elapsed": 503.934762, "delta": 1.549263}}
{"target": 128.0641301360263, "params": {"x": -86.21866406881828, "y": 42.486363561036825}, "datetime": {"datetime": "2021-03-01 20:53:15", "elapsed": 505.656031, "delta": 1.721269}}
{"target": 19.50607629912521, "params": {"x": -35.17593472932144, "y": 6.644343371474477}, "datetime": {"datetime": "2021-03-01 20:53:17", "elapsed": 507.694433, "delta": 2.038402}}
{"target": 46.85553601748431, "params": {"x": -10.01757330401189, "y": 15.677922877426354}, "datetime": {"datetime": "2021-03-01 20:53:17", "elapsed": 507.696209, "delta": 0.001776}}
{"target": 299.4345457051684, "params": {"x": -15.435064643186053, "y": 99.97709020375945}, "datetime": {"datetime": "2021-03-01 20:53:19", "elapsed": 509.351965, "delta": 1.655756}}
{"target": 264.8271962992174, "params": {"x": 100.0, "y": 88.37760356270189}, "datetime": {"datetime": "2021-03-01 20:53:20", "elapsed": 510.57049, "delta": 1.218525}}
{"target": -69.35463645009298, "params": {"x": -47.86986240205611, "y": -22.796788106362314}, "datetime": {"datetime": "2021-03-01 20:53:22", "elapsed": 512.450922, "delta": 1.880432}}
{"target": 299.1481704671183, "params": {"x": 32.16415580683247, "y": 99.98698881549959}, "datetime": {"datetime": "2021-03-01 20:53:24", "elapsed": 514.17118, "delta": 1.720258}}
{"target": 299.6948434365421, "params": {"x": 99.99999758670883, "y": 99.99999940807584}, "datetime": {"datetime": "2021-03-01 20:53:26", "elapsed": 516.010401, "delta": 1.839221}}
{"target": 300.2444760244655, "params": {"x": 45.218669196132225, "y": 99.93687170318219}, "datetime": {"datetime": "2021-03-01 20:53:27", "elapsed": 517.854708, "delta": 1.844307}}
{"target": 300.6649293672258, "params": {"x": -9.494406888254787, "y": 99.94811651350906}, "datetime": {"datetime": "2021-03-01 20:53:29", "elapsed": 519.712228, "delta": 1.85752}}
{"target": 256.40176359527806, "params": {"x": -13.15437002060267, "y": 85.5496755869008}, "datetime": {"datetime": "2021-03-01 20:53:31", "elapsed": 521.249544, "delta": 1.537316}}
{"target": 299.4030700886469, "params": {"x": -4.038032541006899, "y": 99.98861626154147}, "datetime": {"datetime": "2021-03-01 20:53:33", "elapsed": 523.007953, "delta": 1.758409}}
{"target": 161.8149184608992, "params": {"x": -20.343645479239285, "y": 54.183453515087166}, "datetime": {"datetime": "2021-03-01 20:53:34", "elapsed": 524.429149, "delta": 1.421196}}
{"target": -158.7698448270088, "params": {"x": -18.372639447743765, "y": -52.59460395139446}, "datetime": {"datetime": "2021-03-01 20:53:34", "elapsed": 524.431259, "delta": 0.00211}}
{"target": 299.69917067852236, "params": {"x": 76.60438665548452, "y": 99.9863901746271}, "datetime": {"datetime": "2021-03-01 20:53:36", "elapsed": 526.06988, "delta": 1.638621}}
{"target": 300.8104824547742, "params": {"x": 95.688175011286, "y": 99.93733240634194}, "datetime": {"datetime": "2021-03-01 20:53:37", "elapsed": 527.524768, "delta": 1.454888}}
{"target": 300.7315549364063, "params": {"x": 41.666490064304185, "y": 99.93265028983467}, "datetime": {"datetime": "2021-03-01 20:53:38", "elapsed": 528.887382, "delta": 1.362614}}
{"target": 300.7747089726216, "params": {"x": -15.690402474227596, "y": 99.95473478002236}, "datetime": {"datetime": "2021-03-01 20:53:40", "elapsed": 530.799988, "delta": 1.912606}}
{"target": 300.1726237951818, "params": {"x": 92.8625693230156, "y": 99.98640825048716}, "datetime": {"datetime": "2021-03-01 20:53:42", "elapsed": 532.662778, "delta": 1.86279}}
{"target": 299.5033576544031, "params": {"x": 85.35710781083338, "y": 99.98911471707783}, "datetime": {"datetime": "2021-03-01 20:53:44", "elapsed": 534.069233, "delta": 1.406455}}
{"target": 299.5033576544031, "params": {"x": 85.35710781083338, "y": 99.98911471707783}, "datetime": {"datetime": "2021-03-01 20:53:45", "elapsed": 535.535766, "delta": 1.466533}}
{"target": 300.75039738886386, "params": {"x": 41.81023537455391, "y": 99.9234787243746}, "datetime": {"datetime": "2021-03-01 20:53:47", "elapsed": 537.274829, "delta": 1.739063}}
