{"target": 300.6314444188939, "params": {"x": 38.129070114248464, "y": 99.98784137664921}, "datetime": {"datetime": "2021-03-01 20:53:48", "elapsed": 538.717824, "delta": 1.442995}}
{"target": 300.9532443406776, "params": {"x": -86.84022242079463, "y": 99.98915997606198}, "datetime": {"datetime": "2021-03-01 20:53:50", "elapsed": 540.687229, "delta": 1.969405}}
{"target": 43.50549834444912, "params": {"x": 80.67590411245075, "y": 14.735897334457178}, "datetime": {"datetime": "2021-03-01 20:53:50", "elapsed": 540.689647, "delta": 0.002418}}
{"target": 298.93804228176054, "params": {"x": -92.83783486929377, "y": 99.9778170156201}, "datetime": {"datetime": "2021-03-01 20:53:52", "elapsed": 542.0482, "delta": 1.358553}}
{"target": 299.35247739394674, "params": {"x": -8.51339555641053, "y": 99.85731634263365}, "datetime": {"datetime": "2021-03-01 20:53:53", "elapsed": 543.898499, "delta": 1.850299}}
{"target": 298.75076652808434, "params": {"x": 85.21806653780246, "y": 99.89921116591478}, "datetime": {"datetime": "2021-03-01 20:53:55", "elapsed": 545.694646, "delta": 1.796147}}
{"target": 299.1118127042107, "params": {"x": -68.58273284359095, "y": 99.89952154624498}, "datetime": {"datetime": "2021-03-01 20:53:57", "elapsed": 547.480981, "delta": 1.786335}}
{"target": 298.9200614508941, "params": {"x": -2.0787632028994096, "y": 99.94817978139238}, "datetime": {"datetime": "2021-03-01 20:53:58", "elapsed": 548.730476, "delta": 1.249495}}
{"target": -252.46152373622056, "params": {"x": 31.60019822929044, "y": -84.00767256012152}, "datetime": {"datetime": "2021-03-01 20:54:00", "elapsed": 550.184126, "delta": 1.45365}}
{"target": 300.31139510301256, "params": {"x": 0.7671613522580287, "y": 99.91875024118798}, "datetime": {"datetime": "2021-03-01 20:54:01", "elapsed": 551.709395, "delta": 1.525269}}
{"target": 300.9093293364566, "params": {"x": 97.41399080983925, "y": 99.98516032732434}, "datetime": {"datetime": "2021-03-01 20:54:03", "elapsed": 553.783011, "delta": 2.073616}}
{"target": 298.88305500281757, "params": {"x": 44.33421780262691, "y": 99.92686126963909}, "datetime": {"datetime": "2021-03-01 20:54:05", "elapsed": 555.892854, "delta": 2.109843}}
{"target": -83.84359541928706, "params": {"x": 66.55746655786257, "y": -28.03056339610272}, "datetime": {"datetime": "2021-03-01 20:54:07", "elapsed": 557.259187, "delta": 1.366333}}
{"target": 71.16682883239939, "params": {"x": -99.4259345937682, "y": 23.428982724144774}, "datetime": {"datetime": "2021-03-01 20:54:07", "elapsed": 557.261125, "delta": 0.001938}}
{"target": -135.40145823265416, "params": {"x": 2.7780534132657513, "y": -45.464056682835526}, "datetime": {"datetime": "2021-03-01 20:54:09", "elapsed": 559.006231, "delta": 1.745106}}
{"target": 299.04325480009334, "params": {"x": -51.4117573224496, "y": 99.97652995163989}, "datetime": {"datetime": "2021-03-01 20:54:10", "elapsed": 560.780243, "delta": 1.774012}}
{"target": -298.15640821621093, "params": {"x": -15.321994465128114, "y": -99.63719737469043}, "datetime": {"datetime": "2021-03-01 20:54:12", "elapsed": 561.917983, "delta": 1.13774}}
{"target": 299.39730866695095, "params": {"x": 35.41055923860242, "y": 99.93265613981953}, "datetime": {"datetime": "2021-03-01 20:54:13", "elapsed": 563.302193, "delta": 1.38421}}
{"target": 298.9484882555815, "params": {"x": -35.2430138876491, "y": 99.95250320122534}, "datetime": {"datetime": "2021-03-01 20:54:15", "elapsed": 565.119568, "delta": 1.817375}}
{"target": 300.73766987292, "params": {"x": 1.2254702943769615, "y": 99.91335024359128}, "datetime": {"datetime": "2021-03-01 20:54:17", "elapsed": 567.39915, "delta": 2.279582}}
{"target": 298.90746100753825, "params": {"x": 74.93495721036169, "y": 99.94905231271306}, "datetime": {"datetime": "2021-03-01 20:54:19", "elapsed": 569.101216, "delta": 1.702066}}
{"target": -75.55916691560422, "params": {"x": -8.040051867993325, "y": -25.510185353076015}, "datetime": {"datetime": "2021-03-01 20:54:20", "elapsed": 570.708705, "delta": 1.607489}}
{"target": 300.5978589079054, "params": {"x": 1.4486365023437315, "y": 99.91130575728829}, "datetime": {"datetime": "2021-03-01 20:54:23", "elapsed": 573.134631, "delta": 2.425926}}
{"target": -249.52149053956174, "params": {"x": 99.61558617347495, "y": -83.45893958184863}, "datetime": {"datetime": "2021-03-01 20:54:24", "elapsed": 574.523931, "delta": 1.3893}}
{"target": 17.14778170331666, "params": {"x": -34.67101964558077, "y": 5.411620451521856}, "datetime": {"datetime": "2021-03-01 20:54:24", "elapsed": 574.525858, "delta": 0.001927}}
{"target": 299.2946268283686, "params": {"x": 57.8095428649718, "y": 99.98249135647688}, "datetime": {"datetime": "2021-03-01 20:54:26", "elapsed": 576.211524, "delta": 1.685666}}
{"target": 298.8779733628951, "params": {"x": -50.868419064443614, "y": 99.91939191217736}, "datetime": {"datetime": "2021-03-01 20:54:28", "elapsed": 578.378304, "delta": 2.16678}}
{"target": 32.38284847516414, "params": {"x": -51.60239802426834, "y": 11.111959585427968}, "datetime": {"datetime": "2021-03-01 20:54:30", "elapsed": 580.309375, "delta": 1.931071}}
{"target": 299.4102617329579, "params": {"x": -16.03202459072422, "y": 99.98742731726685}, "datetime": {"datetime": "2021-03-01 20:54:33", "elapsed": 583.107718, "delta": 2.798343}}
{"target": -137.43247578529557, "params": {"x": 25.05255872902768, "y": -45.59920409253173}, "datetime": {"datetime": "2021-03-01 20:54:34", "elapsed": 584.576361, "delta": 1.468643}}
